build/app/intermediates/manifest_merge_blame_file/release/manifest-merger-blame-release-report.txt
1<?xml version="1.0" encoding="utf-8"?>
2<manifest xmlns:android="http://schemas.android.com/apk/res/android"
3    package="com.aloit.shipper.app_shipper"
4    android:versionCode="40"
5    android:versionName="1.0.39" >
6
7    <uses-sdk
8        android:minSdkVersion="21"
8-->src/main/AndroidManifest.xml
9        android:targetSdkVersion="33" />
9-->src/main/AndroidManifest.xml
10
11    <uses-permission android:name="android.permission.INTERNET" />
11-->src/main/AndroidManifest.xml:5:5-66
11-->src/main/AndroidManifest.xml:5:22-64
12    <uses-permission android:name="android.permission.CAMERA" />
12-->src/main/AndroidManifest.xml:6:5-64
12-->src/main/AndroidManifest.xml:6:22-62
13    <uses-permission android:name="android.permission.ACCESS_COARSE_LOCATION" />
13-->src/main/AndroidManifest.xml:7:5-80
13-->src/main/AndroidManifest.xml:7:22-78
14    <uses-permission android:name="android.permission.ACCESS_FINE_LOCATION" />
14-->src/main/AndroidManifest.xml:8:5-78
14-->src/main/AndroidManifest.xml:8:22-76
15    <uses-permission android:name="android.permission.WRITE_EXTERNAL_STORAGE" />
15-->src/main/AndroidManifest.xml:9:5-80
15-->src/main/AndroidManifest.xml:9:22-78
16    <!-- Provide required visibility configuration for API level 30 and above -->
17    <queries>
17-->src/main/AndroidManifest.xml:57:5-72:15
18
19        <!-- If your app checks for SMS support -->
20        <intent>
20-->src/main/AndroidManifest.xml:59:9-62:18
21            <action android:name="android.intent.action.VIEW" />
21-->src/main/AndroidManifest.xml:60:13-65
21-->src/main/AndroidManifest.xml:60:21-62
22
23            <data android:scheme="sms" />
23-->src/main/AndroidManifest.xml:61:13-42
23-->src/main/AndroidManifest.xml:61:19-39
24        </intent>
25        <!-- If your app checks for call support -->
26        <intent>
26-->src/main/AndroidManifest.xml:64:9-67:18
27            <action android:name="android.intent.action.VIEW" />
27-->src/main/AndroidManifest.xml:60:13-65
27-->src/main/AndroidManifest.xml:60:21-62
28
29            <data android:scheme="tel" />
29-->src/main/AndroidManifest.xml:61:13-42
29-->src/main/AndroidManifest.xml:61:19-39
30        </intent>
31        <!-- If your application checks for inAppBrowserView launch mode support -->
32        <intent>
32-->src/main/AndroidManifest.xml:69:9-71:18
33            <action android:name="android.support.customtabs.action.CustomTabsService" />
33-->src/main/AndroidManifest.xml:70:13-90
33-->src/main/AndroidManifest.xml:70:21-87
34        </intent>
35        <!-- For browser content -->
36        <intent>
36-->[com.google.android.gms:play-services-ads-lite:22.5.0] AndroidManifest.xml:38:9-44:18
37            <action android:name="android.intent.action.VIEW" />
37-->src/main/AndroidManifest.xml:60:13-65
37-->src/main/AndroidManifest.xml:60:21-62
38
39            <category android:name="android.intent.category.BROWSABLE" />
39-->[com.google.android.gms:play-services-ads-lite:22.5.0] AndroidManifest.xml:41:13-74
39-->[com.google.android.gms:play-services-ads-lite:22.5.0] AndroidManifest.xml:41:23-71
40
41            <data android:scheme="https" />
41-->src/main/AndroidManifest.xml:61:13-42
41-->src/main/AndroidManifest.xml:61:19-39
42        </intent>
43    </queries>
44
45    <uses-permission android:name="android.permission.WAKE_LOCK" />
45-->[:firebase_messaging] AndroidManifest.xml:10:5-68
45-->[:firebase_messaging] AndroidManifest.xml:10:22-65
46    <uses-permission android:name="android.permission.ACCESS_NETWORK_STATE" /> <!-- Permissions options for the `notification` group -->
46-->[:firebase_messaging] AndroidManifest.xml:11:5-79
46-->[:firebase_messaging] AndroidManifest.xml:11:22-76
47    <uses-permission android:name="android.permission.POST_NOTIFICATIONS" />
47-->[:firebase_messaging] AndroidManifest.xml:13:5-77
47-->[:firebase_messaging] AndroidManifest.xml:13:22-74
48    <uses-permission android:name="android.permission.RECEIVE_BOOT_COMPLETED" />
48-->[:flutter_local_notifications] AndroidManifest.xml:9:5-81
48-->[:flutter_local_notifications] AndroidManifest.xml:9:22-78
49    <uses-permission android:name="android.permission.VIBRATE" />
49-->[:flutter_local_notifications] AndroidManifest.xml:10:5-66
49-->[:flutter_local_notifications] AndroidManifest.xml:10:22-63
50    <uses-permission android:name="android.permission.USE_FULL_SCREEN_INTENT" />
50-->[:flutter_local_notifications] AndroidManifest.xml:11:5-81
50-->[:flutter_local_notifications] AndroidManifest.xml:11:22-78
51    <uses-permission android:name="android.permission.SCHEDULE_EXACT_ALARM" />
51-->[:flutter_local_notifications] AndroidManifest.xml:12:5-79
51-->[:flutter_local_notifications] AndroidManifest.xml:12:22-76
52
53    <uses-feature android:name="android.hardware.camera" />
53-->[:flutter_barcode_scanner] AndroidManifest.xml:11:5-60
53-->[:flutter_barcode_scanner] AndroidManifest.xml:11:19-57
54
55    <uses-permission android:name="android.permission.FLASHLIGHT" /> <!-- Required by older versions of Google Play services to create IID tokens -->
55-->[:flutter_barcode_scanner] AndroidManifest.xml:13:5-69
55-->[:flutter_barcode_scanner] AndroidManifest.xml:13:22-66
56    <uses-permission android:name="com.google.android.c2dm.permission.RECEIVE" />
56-->[com.google.firebase:firebase-messaging:23.2.0] AndroidManifest.xml:28:5-82
56-->[com.google.firebase:firebase-messaging:23.2.0] AndroidManifest.xml:28:22-79
57    <uses-permission android:name="android.permission.ACCESS_ADSERVICES_AD_ID" />
57-->[com.google.android.gms:play-services-ads-lite:22.5.0] AndroidManifest.xml:27:5-82
57-->[com.google.android.gms:play-services-ads-lite:22.5.0] AndroidManifest.xml:27:22-79
58    <uses-permission android:name="android.permission.ACCESS_ADSERVICES_ATTRIBUTION" />
58-->[com.google.android.gms:play-services-ads-lite:22.5.0] AndroidManifest.xml:28:5-88
58-->[com.google.android.gms:play-services-ads-lite:22.5.0] AndroidManifest.xml:28:22-85
59    <uses-permission android:name="android.permission.ACCESS_ADSERVICES_TOPICS" />
59-->[com.google.android.gms:play-services-ads-lite:22.5.0] AndroidManifest.xml:29:5-83
59-->[com.google.android.gms:play-services-ads-lite:22.5.0] AndroidManifest.xml:29:22-80
60    <uses-permission android:name="com.google.android.finsky.permission.BIND_GET_INSTALL_REFERRER_SERVICE" />
60-->[com.google.android.gms:play-services-measurement:21.3.0] AndroidManifest.xml:26:5-110
60-->[com.google.android.gms:play-services-measurement:21.3.0] AndroidManifest.xml:26:22-107
61    <uses-permission android:name="android.permission.FOREGROUND_SERVICE" />
61-->[androidx.work:work-runtime:2.7.0] AndroidManifest.xml:28:5-77
61-->[androidx.work:work-runtime:2.7.0] AndroidManifest.xml:28:22-74
62
63    <permission
63-->[androidx.core:core:1.10.1] AndroidManifest.xml:22:5-24:47
64        android:name="com.aloit.shipper.app_shipper.DYNAMIC_RECEIVER_NOT_EXPORTED_PERMISSION"
64-->[androidx.core:core:1.10.1] AndroidManifest.xml:23:9-81
65        android:protectionLevel="signature" />
65-->[androidx.core:core:1.10.1] AndroidManifest.xml:24:9-44
66
67    <uses-permission android:name="com.aloit.shipper.app_shipper.DYNAMIC_RECEIVER_NOT_EXPORTED_PERMISSION" />
67-->[androidx.core:core:1.10.1] AndroidManifest.xml:26:5-97
67-->[androidx.core:core:1.10.1] AndroidManifest.xml:26:22-94
68
69    <application
70        android:name="android.app.Application"
70-->src/main/AndroidManifest.xml:14:9-42
71        android:appComponentFactory="androidx.core.app.CoreComponentFactory"
71-->[androidx.core:core:1.10.1] AndroidManifest.xml:28:18-86
72        android:icon="@mipmap/ic_launcher"
72-->src/main/AndroidManifest.xml:15:9-43
73        android:label="AloShipper"
73-->src/main/AndroidManifest.xml:13:9-35
74        android:largeHeap="true"
74-->[:flutter_barcode_scanner] AndroidManifest.xml:16:9-33
75        android:requestLegacyExternalStorage="true"
75-->src/main/AndroidManifest.xml:16:9-52
76        android:theme="@style/Theme.AppCompat.NoActionBar" >
76-->[:flutter_barcode_scanner] AndroidManifest.xml:17:9-59
77        <meta-data
77-->src/main/AndroidManifest.xml:18:9-20:69
78            android:name="com.google.android.gms.ads.APPLICATION_ID"
78-->src/main/AndroidManifest.xml:19:13-69
79            android:value="ca-app-pub-8286460050735630~1973341467" />
79-->src/main/AndroidManifest.xml:20:13-67
80
81        <activity
81-->src/main/AndroidManifest.xml:22:9-49:20
82            android:name="com.aloit.shipper.app_shipper.MainActivity"
82-->src/main/AndroidManifest.xml:23:13-41
83            android:configChanges="orientation|keyboardHidden|keyboard|screenSize|smallestScreenSize|locale|layoutDirection|fontScale|screenLayout|density|uiMode"
83-->src/main/AndroidManifest.xml:26:13-163
84            android:exported="true"
84-->src/main/AndroidManifest.xml:31:13-36
85            android:hardwareAccelerated="true"
85-->src/main/AndroidManifest.xml:27:13-47
86            android:launchMode="singleTop"
86-->src/main/AndroidManifest.xml:24:13-43
87            android:showWhenLocked="true"
87-->src/main/AndroidManifest.xml:29:13-42
88            android:theme="@style/LaunchTheme"
88-->src/main/AndroidManifest.xml:25:13-47
89            android:turnScreenOn="true"
89-->src/main/AndroidManifest.xml:30:13-40
90            android:windowSoftInputMode="adjustResize" >
90-->src/main/AndroidManifest.xml:28:13-55
91
92            <!--
93                 Specifies an Android theme to apply to this Activity as soon as
94                 the Android process has started. This theme is visible to the user
95                 while the Flutter UI initializes. After that, this theme continues
96                 to determine the Window background behind the Flutter UI.
97            -->
98            <meta-data
98-->src/main/AndroidManifest.xml:36:13-39:17
99                android:name="io.flutter.embedding.android.NormalTheme"
99-->src/main/AndroidManifest.xml:37:15-70
100                android:resource="@style/NormalTheme" />
100-->src/main/AndroidManifest.xml:38:15-52
101            <meta-data
101-->src/main/AndroidManifest.xml:41:13-44:50
102                android:name="io.flutter.embedding.android.SplashScreenDrawable"
102-->src/main/AndroidManifest.xml:42:17-81
103                android:resource="@drawable/background"
103-->src/main/AndroidManifest.xml:43:17-56
104                android:scaleType="centerCrop" />
104-->src/main/AndroidManifest.xml:44:17-47
105
106            <intent-filter>
106-->src/main/AndroidManifest.xml:45:13-48:29
107                <action android:name="android.intent.action.MAIN" />
107-->src/main/AndroidManifest.xml:46:17-68
107-->src/main/AndroidManifest.xml:46:25-66
108
109                <category android:name="android.intent.category.LAUNCHER" />
109-->src/main/AndroidManifest.xml:47:17-76
109-->src/main/AndroidManifest.xml:47:27-74
110            </intent-filter>
111        </activity>
112        <!--
113             Don't delete the meta-data below.
114             This is used by the Flutter tool to generate GeneratedPluginRegistrant.java
115        -->
116        <meta-data
116-->src/main/AndroidManifest.xml:52:9-54:33
117            android:name="flutterEmbedding"
117-->src/main/AndroidManifest.xml:53:13-44
118            android:value="2" />
118-->src/main/AndroidManifest.xml:54:13-30
119
120        <service
120-->[:firebase_database] AndroidManifest.xml:10:9-14:19
121            android:name="com.google.firebase.components.ComponentDiscoveryService"
121-->[:firebase_database] AndroidManifest.xml:10:18-89
122            android:directBootAware="true"
122-->[com.google.firebase:firebase-common:20.3.3] AndroidManifest.xml:34:13-43
123            android:exported="false" >
123-->[com.google.firebase:firebase-analytics-ktx:21.3.0] AndroidManifest.xml:10:13-37
124            <meta-data
124-->[:firebase_database] AndroidManifest.xml:11:13-13:85
125                android:name="com.google.firebase.components:io.flutter.plugins.firebase.database.FlutterFirebaseAppRegistrar"
125-->[:firebase_database] AndroidManifest.xml:12:17-127
126                android:value="com.google.firebase.components.ComponentRegistrar" />
126-->[:firebase_database] AndroidManifest.xml:13:17-82
127            <meta-data
127-->[:firebase_messaging] AndroidManifest.xml:38:13-40:85
128                android:name="com.google.firebase.components:io.flutter.plugins.firebase.messaging.FlutterFirebaseAppRegistrar"
128-->[:firebase_messaging] AndroidManifest.xml:39:17-128
129                android:value="com.google.firebase.components.ComponentRegistrar" />
129-->[:firebase_messaging] AndroidManifest.xml:40:17-82
130            <meta-data
130-->[:firebase_remote_config] AndroidManifest.xml:11:13-13:85
131                android:name="com.google.firebase.components:io.flutter.plugins.firebase.firebaseremoteconfig.FlutterFirebaseAppRegistrar"
131-->[:firebase_remote_config] AndroidManifest.xml:12:17-139
132                android:value="com.google.firebase.components.ComponentRegistrar" />
132-->[:firebase_remote_config] AndroidManifest.xml:13:17-82
133            <meta-data
133-->[:firebase_core] AndroidManifest.xml:11:13-13:85
134                android:name="com.google.firebase.components:io.flutter.plugins.firebase.core.FlutterFirebaseCoreRegistrar"
134-->[:firebase_core] AndroidManifest.xml:12:17-124
135                android:value="com.google.firebase.components.ComponentRegistrar" />
135-->[:firebase_core] AndroidManifest.xml:13:17-82
136            <meta-data
136-->[com.google.firebase:firebase-analytics-ktx:21.3.0] AndroidManifest.xml:11:13-13:85
137                android:name="com.google.firebase.components:com.google.firebase.analytics.ktx.FirebaseAnalyticsKtxRegistrar"
137-->[com.google.firebase:firebase-analytics-ktx:21.3.0] AndroidManifest.xml:12:17-126
138                android:value="com.google.firebase.components.ComponentRegistrar" />
138-->[com.google.firebase:firebase-analytics-ktx:21.3.0] AndroidManifest.xml:13:17-82
139            <meta-data
139-->[com.google.firebase:firebase-database:20.2.2] AndroidManifest.xml:31:13-33:85
140                android:name="com.google.firebase.components:com.google.firebase.database.DatabaseRegistrar"
140-->[com.google.firebase:firebase-database:20.2.2] AndroidManifest.xml:32:17-109
141                android:value="com.google.firebase.components.ComponentRegistrar" />
141-->[com.google.firebase:firebase-database:20.2.2] AndroidManifest.xml:33:17-82
142            <meta-data
142-->[com.google.firebase:firebase-messaging:23.2.0] AndroidManifest.xml:55:13-57:85
143                android:name="com.google.firebase.components:com.google.firebase.messaging.FirebaseMessagingRegistrar"
143-->[com.google.firebase:firebase-messaging:23.2.0] AndroidManifest.xml:56:17-119
144                android:value="com.google.firebase.components.ComponentRegistrar" />
144-->[com.google.firebase:firebase-messaging:23.2.0] AndroidManifest.xml:57:17-82
145            <meta-data
145-->[com.google.firebase:firebase-iid:21.1.0] AndroidManifest.xml:32:13-34:85
146                android:name="com.google.firebase.components:com.google.firebase.iid.Registrar"
146-->[com.google.firebase:firebase-iid:21.1.0] AndroidManifest.xml:33:17-96
147                android:value="com.google.firebase.components.ComponentRegistrar" />
147-->[com.google.firebase:firebase-iid:21.1.0] AndroidManifest.xml:34:17-82
148            <meta-data
148-->[com.google.firebase:firebase-config:21.4.1] AndroidManifest.xml:31:13-33:85
149                android:name="com.google.firebase.components:com.google.firebase.remoteconfig.RemoteConfigRegistrar"
149-->[com.google.firebase:firebase-config:21.4.1] AndroidManifest.xml:32:17-117
150                android:value="com.google.firebase.components.ComponentRegistrar" />
150-->[com.google.firebase:firebase-config:21.4.1] AndroidManifest.xml:33:17-82
151            <meta-data
151-->[com.google.firebase:firebase-common-ktx:20.3.3] AndroidManifest.xml:14:13-16:85
152                android:name="com.google.firebase.components:com.google.firebase.ktx.FirebaseCommonKtxRegistrar"
152-->[com.google.firebase:firebase-common-ktx:20.3.3] AndroidManifest.xml:15:17-113
153                android:value="com.google.firebase.components.ComponentRegistrar" />
153-->[com.google.firebase:firebase-common-ktx:20.3.3] AndroidManifest.xml:16:17-82
154            <meta-data
154-->[com.google.android.gms:play-services-measurement-api:21.3.0] AndroidManifest.xml:31:13-33:85
155                android:name="com.google.firebase.components:com.google.firebase.analytics.connector.internal.AnalyticsConnectorRegistrar"
155-->[com.google.android.gms:play-services-measurement-api:21.3.0] AndroidManifest.xml:32:17-139
156                android:value="com.google.firebase.components.ComponentRegistrar" />
156-->[com.google.android.gms:play-services-measurement-api:21.3.0] AndroidManifest.xml:33:17-82
157            <meta-data
157-->[com.google.firebase:firebase-installations:17.1.3] AndroidManifest.xml:17:13-19:85
158                android:name="com.google.firebase.components:com.google.firebase.installations.FirebaseInstallationsRegistrar"
158-->[com.google.firebase:firebase-installations:17.1.3] AndroidManifest.xml:18:17-127
159                android:value="com.google.firebase.components.ComponentRegistrar" />
159-->[com.google.firebase:firebase-installations:17.1.3] AndroidManifest.xml:19:17-82
160            <meta-data
160-->[com.google.firebase:firebase-datatransport:18.1.7] AndroidManifest.xml:27:13-29:85
161                android:name="com.google.firebase.components:com.google.firebase.datatransport.TransportRegistrar"
161-->[com.google.firebase:firebase-datatransport:18.1.7] AndroidManifest.xml:28:17-115
162                android:value="com.google.firebase.components.ComponentRegistrar" />
162-->[com.google.firebase:firebase-datatransport:18.1.7] AndroidManifest.xml:29:17-82
163            <meta-data
163-->[com.google.firebase:firebase-abt:21.1.1] AndroidManifest.xml:12:13-14:85
164                android:name="com.google.firebase.components:com.google.firebase.abt.component.AbtRegistrar"
164-->[com.google.firebase:firebase-abt:21.1.1] AndroidManifest.xml:13:17-109
165                android:value="com.google.firebase.components.ComponentRegistrar" />
165-->[com.google.firebase:firebase-abt:21.1.1] AndroidManifest.xml:14:17-82
166        </service>
167        <service
167-->[:firebase_messaging] AndroidManifest.xml:16:9-19:72
168            android:name="io.flutter.plugins.firebase.messaging.FlutterFirebaseMessagingBackgroundService"
168-->[:firebase_messaging] AndroidManifest.xml:17:13-107
169            android:exported="false"
169-->[:firebase_messaging] AndroidManifest.xml:18:13-37
170            android:permission="android.permission.BIND_JOB_SERVICE" />
170-->[:firebase_messaging] AndroidManifest.xml:19:13-69
171        <service
171-->[:firebase_messaging] AndroidManifest.xml:20:9-26:19
172            android:name="io.flutter.plugins.firebase.messaging.FlutterFirebaseMessagingService"
172-->[:firebase_messaging] AndroidManifest.xml:21:13-97
173            android:exported="false" >
173-->[:firebase_messaging] AndroidManifest.xml:22:13-37
174            <intent-filter>
174-->[:firebase_messaging] AndroidManifest.xml:23:13-25:29
175                <action android:name="com.google.firebase.MESSAGING_EVENT" />
175-->[:firebase_messaging] AndroidManifest.xml:24:17-78
175-->[:firebase_messaging] AndroidManifest.xml:24:25-75
176            </intent-filter>
177        </service>
178
179        <receiver
179-->[:firebase_messaging] AndroidManifest.xml:28:9-35:20
180            android:name="io.flutter.plugins.firebase.messaging.FlutterFirebaseMessagingReceiver"
180-->[:firebase_messaging] AndroidManifest.xml:29:13-98
181            android:exported="true"
181-->[:firebase_messaging] AndroidManifest.xml:30:13-36
182            android:permission="com.google.android.c2dm.permission.SEND" >
182-->[:firebase_messaging] AndroidManifest.xml:31:13-73
183            <intent-filter>
183-->[:firebase_messaging] AndroidManifest.xml:32:13-34:29
184                <action android:name="com.google.android.c2dm.intent.RECEIVE" />
184-->[:firebase_messaging] AndroidManifest.xml:33:17-81
184-->[:firebase_messaging] AndroidManifest.xml:33:25-78
185            </intent-filter>
186        </receiver>
187
188        <provider
188-->[:firebase_messaging] AndroidManifest.xml:43:9-47:38
189            android:name="io.flutter.plugins.firebase.messaging.FlutterFirebaseMessagingInitProvider"
189-->[:firebase_messaging] AndroidManifest.xml:44:13-102
190            android:authorities="com.aloit.shipper.app_shipper.flutterfirebasemessaginginitprovider"
190-->[:firebase_messaging] AndroidManifest.xml:45:13-88
191            android:exported="false"
191-->[:firebase_messaging] AndroidManifest.xml:46:13-37
192            android:initOrder="99" />
192-->[:firebase_messaging] AndroidManifest.xml:47:13-35
193
194        <service
194-->[:geolocator_android] AndroidManifest.xml:10:9-14:56
195            android:name="com.baseflow.geolocator.GeolocatorLocationService"
195-->[:geolocator_android] AndroidManifest.xml:11:13-77
196            android:enabled="true"
196-->[:geolocator_android] AndroidManifest.xml:12:13-35
197            android:exported="false"
197-->[:geolocator_android] AndroidManifest.xml:13:13-37
198            android:foregroundServiceType="location" />
198-->[:geolocator_android] AndroidManifest.xml:14:13-53
199
200        <receiver
200-->[:flutter_local_notifications] AndroidManifest.xml:16:9-18:40
201            android:name="com.dexterous.flutterlocalnotifications.ActionBroadcastReceiver"
201-->[:flutter_local_notifications] AndroidManifest.xml:17:13-91
202            android:exported="false" />
202-->[:flutter_local_notifications] AndroidManifest.xml:18:13-37
203        <receiver
203-->[:flutter_local_notifications] AndroidManifest.xml:19:9-21:40
204            android:name="com.dexterous.flutterlocalnotifications.ScheduledNotificationReceiver"
204-->[:flutter_local_notifications] AndroidManifest.xml:20:13-97
205            android:exported="false" />
205-->[:flutter_local_notifications] AndroidManifest.xml:21:13-37
206        <receiver
206-->[:flutter_local_notifications] AndroidManifest.xml:22:9-31:20
207            android:name="com.dexterous.flutterlocalnotifications.ScheduledNotificationBootReceiver"
207-->[:flutter_local_notifications] AndroidManifest.xml:23:13-101
208            android:exported="false" >
208-->[:flutter_local_notifications] AndroidManifest.xml:24:13-37
209            <intent-filter>
209-->[:flutter_local_notifications] AndroidManifest.xml:25:13-30:29
210                <action android:name="android.intent.action.BOOT_COMPLETED" />
210-->[:flutter_local_notifications] AndroidManifest.xml:26:17-79
210-->[:flutter_local_notifications] AndroidManifest.xml:26:25-76
211                <action android:name="android.intent.action.MY_PACKAGE_REPLACED" />
211-->[:flutter_local_notifications] AndroidManifest.xml:27:17-84
211-->[:flutter_local_notifications] AndroidManifest.xml:27:25-81
212                <action android:name="android.intent.action.QUICKBOOT_POWERON" />
212-->[:flutter_local_notifications] AndroidManifest.xml:28:17-82
212-->[:flutter_local_notifications] AndroidManifest.xml:28:25-79
213                <action android:name="com.htc.intent.action.QUICKBOOT_POWERON" />
213-->[:flutter_local_notifications] AndroidManifest.xml:29:17-82
213-->[:flutter_local_notifications] AndroidManifest.xml:29:25-79
214            </intent-filter>
215        </receiver>
216
217        <activity android:name="com.amolg.flutterbarcodescanner.BarcodeCaptureActivity" />
217-->[:flutter_barcode_scanner] AndroidManifest.xml:18:9-91
217-->[:flutter_barcode_scanner] AndroidManifest.xml:18:19-88
218
219        <meta-data
219-->[:google_mobile_ads] AndroidManifest.xml:12:9-14:36
220            android:name="io.flutter.embedded_views_preview"
220-->[:google_mobile_ads] AndroidManifest.xml:13:13-61
221            android:value="true" />
221-->[:google_mobile_ads] AndroidManifest.xml:14:13-33
222        <!--
223           Declares a provider which allows us to store files to share in
224           '.../caches/share_plus' and grant the receiving action access
225        -->
226        <provider
226-->[:share_plus] AndroidManifest.xml:15:9-23:20
227            android:name="dev.fluttercommunity.plus.share.ShareFileProvider"
227-->[:share_plus] AndroidManifest.xml:16:13-77
228            android:authorities="com.aloit.shipper.app_shipper.flutter.share_provider"
228-->[:share_plus] AndroidManifest.xml:17:13-74
229            android:exported="false"
229-->[:share_plus] AndroidManifest.xml:18:13-37
230            android:grantUriPermissions="true" >
230-->[:share_plus] AndroidManifest.xml:19:13-47
231            <meta-data
231-->[:share_plus] AndroidManifest.xml:20:13-22:68
232                android:name="android.support.FILE_PROVIDER_PATHS"
232-->[:share_plus] AndroidManifest.xml:21:17-67
233                android:resource="@xml/flutter_share_file_paths" />
233-->[:share_plus] AndroidManifest.xml:22:17-65
234        </provider>
235        <!--
236           This manifest declared broadcast receiver allows us to use an explicit
237           Intent when creating a PendingItent to be informed of the user's choice
238        -->
239        <receiver
239-->[:share_plus] AndroidManifest.xml:28:9-34:20
240            android:name="dev.fluttercommunity.plus.share.SharePlusPendingIntent"
240-->[:share_plus] AndroidManifest.xml:29:13-82
241            android:exported="false" >
241-->[:share_plus] AndroidManifest.xml:30:13-37
242            <intent-filter>
242-->[:share_plus] AndroidManifest.xml:31:13-33:29
243                <action android:name="EXTRA_CHOSEN_COMPONENT" />
243-->[:share_plus] AndroidManifest.xml:32:17-65
243-->[:share_plus] AndroidManifest.xml:32:25-62
244            </intent-filter>
245        </receiver>
246
247        <provider
247-->[:image_picker_android] AndroidManifest.xml:10:9-18:20
248            android:name="io.flutter.plugins.imagepicker.ImagePickerFileProvider"
248-->[:image_picker_android] AndroidManifest.xml:11:13-82
249            android:authorities="com.aloit.shipper.app_shipper.flutter.image_provider"
249-->[:image_picker_android] AndroidManifest.xml:12:13-74
250            android:exported="false"
250-->[:image_picker_android] AndroidManifest.xml:13:13-37
251            android:grantUriPermissions="true" >
251-->[:image_picker_android] AndroidManifest.xml:14:13-47
252            <meta-data
252-->[:share_plus] AndroidManifest.xml:20:13-22:68
253                android:name="android.support.FILE_PROVIDER_PATHS"
253-->[:share_plus] AndroidManifest.xml:21:17-67
254                android:resource="@xml/flutter_image_picker_file_paths" />
254-->[:share_plus] AndroidManifest.xml:22:17-65
255        </provider>
256
257        <activity
257-->[:url_launcher_android] AndroidManifest.xml:10:9-13:74
258            android:name="io.flutter.plugins.urllauncher.WebViewActivity"
258-->[:url_launcher_android] AndroidManifest.xml:11:13-74
259            android:exported="false"
259-->[:url_launcher_android] AndroidManifest.xml:12:13-37
260            android:theme="@android:style/Theme.NoTitleBar.Fullscreen" />
260-->[:url_launcher_android] AndroidManifest.xml:13:13-71
261
262        <uses-library
262-->[androidx.privacysandbox.ads:ads-adservices:1.0.0-beta05] AndroidManifest.xml:23:9-25:40
263            android:name="android.ext.adservices"
263-->[androidx.privacysandbox.ads:ads-adservices:1.0.0-beta05] AndroidManifest.xml:24:13-50
264            android:required="false" />
264-->[androidx.privacysandbox.ads:ads-adservices:1.0.0-beta05] AndroidManifest.xml:25:13-37
265
266        <receiver
266-->[com.google.firebase:firebase-messaging:23.2.0] AndroidManifest.xml:31:9-38:20
267            android:name="com.google.firebase.iid.FirebaseInstanceIdReceiver"
267-->[com.google.firebase:firebase-messaging:23.2.0] AndroidManifest.xml:32:13-78
268            android:exported="true"
268-->[com.google.firebase:firebase-messaging:23.2.0] AndroidManifest.xml:33:13-36
269            android:permission="com.google.android.c2dm.permission.SEND" >
269-->[com.google.firebase:firebase-messaging:23.2.0] AndroidManifest.xml:34:13-73
270            <intent-filter>
270-->[:firebase_messaging] AndroidManifest.xml:32:13-34:29
271                <action android:name="com.google.android.c2dm.intent.RECEIVE" />
271-->[:firebase_messaging] AndroidManifest.xml:33:17-81
271-->[:firebase_messaging] AndroidManifest.xml:33:25-78
272            </intent-filter>
273        </receiver>
274        <!--
275             FirebaseMessagingService performs security checks at runtime,
276             but set to not exported to explicitly avoid allowing another app to call it.
277        -->
278        <service
278-->[com.google.firebase:firebase-messaging:23.2.0] AndroidManifest.xml:44:9-51:19
279            android:name="com.google.firebase.messaging.FirebaseMessagingService"
279-->[com.google.firebase:firebase-messaging:23.2.0] AndroidManifest.xml:45:13-82
280            android:directBootAware="true"
280-->[com.google.firebase:firebase-messaging:23.2.0] AndroidManifest.xml:46:13-43
281            android:exported="false" >
281-->[com.google.firebase:firebase-messaging:23.2.0] AndroidManifest.xml:47:13-37
282            <intent-filter android:priority="-500" >
282-->[:firebase_messaging] AndroidManifest.xml:23:13-25:29
283                <action android:name="com.google.firebase.MESSAGING_EVENT" />
283-->[:firebase_messaging] AndroidManifest.xml:24:17-78
283-->[:firebase_messaging] AndroidManifest.xml:24:25-75
284            </intent-filter>
285        </service>
286
287        <activity
287-->[com.google.android.gms:play-services-base:18.1.0] AndroidManifest.xml:20:9-22:45
288            android:name="com.google.android.gms.common.api.GoogleApiActivity"